
> funnel-ai-frontend@0.0.0 dev
> vite --host


  VITE v5.4.21  ready in 140 ms

  ➜  Local:   http://localhost:5173/
  ➜  Network: http://192.168.1.239:5173/
  ➜  Network: http://169.254.20.154:5173/
  ➜  press h + enter to show help
9:57:12 AM [vite] Pre-transform error: Failed to resolve import "./api_constants" from "src/lib/api_campaigns.js". Does the file exist?
9:57:12 AM [vite] Internal server error: Failed to resolve import "./api_constants" from "src/lib/api_campaigns.js". Does the file exist?
  Plugin: vite:import-analysis
  File: /Users/patchenuchiyama/Documents/Antigravity/funnel-ai/frontend/src/lib/api_campaigns.js:1:31
  1  |  import { API_BASE_URL } from './api_constants'; // Better practice to extract this
     |                                ^
  2  |  
  3  |  const BASE = import.meta.env.VITE_API_URL || '/api';
      at TransformPluginContext._formatError (file:///Users/patchenuchiyama/Documents/Antigravity/funnel-ai/frontend/node_modules/vite/dist/node/chunks/dep-BK3b2jBa.js:49258:41)
      at TransformPluginContext.error (file:///Users/patchenuchiyama/Documents/Antigravity/funnel-ai/frontend/node_modules/vite/dist/node/chunks/dep-BK3b2jBa.js:49253:16)
      at normalizeUrl (file:///Users/patchenuchiyama/Documents/Antigravity/funnel-ai/frontend/node_modules/vite/dist/node/chunks/dep-BK3b2jBa.js:64307:23)
      at async file:///Users/patchenuchiyama/Documents/Antigravity/funnel-ai/frontend/node_modules/vite/dist/node/chunks/dep-BK3b2jBa.js:64439:39
      at async Promise.all (index 0)
      at async TransformPluginContext.transform (file:///Users/patchenuchiyama/Documents/Antigravity/funnel-ai/frontend/node_modules/vite/dist/node/chunks/dep-BK3b2jBa.js:64366:7)
      at async PluginContainer.transform (file:///Users/patchenuchiyama/Documents/Antigravity/funnel-ai/frontend/node_modules/vite/dist/node/chunks/dep-BK3b2jBa.js:49099:18)
      at async loadAndTransform (file:///Users/patchenuchiyama/Documents/Antigravity/funnel-ai/frontend/node_modules/vite/dist/node/chunks/dep-BK3b2jBa.js:51978:27)
      at async viteTransformMiddleware (file:///Users/patchenuchiyama/Documents/Antigravity/funnel-ai/frontend/node_modules/vite/dist/node/chunks/dep-BK3b2jBa.js:62106:24)
9:57:19 AM [vite] Internal server error: Failed to resolve import "./api_constants" from "src/lib/api_campaigns.js". Does the file exist?
  Plugin: vite:import-analysis
  File: /Users/patchenuchiyama/Documents/Antigravity/funnel-ai/frontend/src/lib/api_campaigns.js:1:31
  1  |  import { API_BASE_URL } from './api_constants'; // Better practice to extract this
     |                                ^
  2  |  
  3  |  const BASE = import.meta.env.VITE_API_URL || '/api';
      at TransformPluginContext._formatError (file:///Users/patchenuchiyama/Documents/Antigravity/funnel-ai/frontend/node_modules/vite/dist/node/chunks/dep-BK3b2jBa.js:49258:41)
      at TransformPluginContext.error (file:///Users/patchenuchiyama/Documents/Antigravity/funnel-ai/frontend/node_modules/vite/dist/node/chunks/dep-BK3b2jBa.js:49253:16)
      at normalizeUrl (file:///Users/patchenuchiyama/Documents/Antigravity/funnel-ai/frontend/node_modules/vite/dist/node/chunks/dep-BK3b2jBa.js:64307:23)
      at async file:///Users/patchenuchiyama/Documents/Antigravity/funnel-ai/frontend/node_modules/vite/dist/node/chunks/dep-BK3b2jBa.js:64439:39
      at async Promise.all (index 0)
      at async TransformPluginContext.transform (file:///Users/patchenuchiyama/Documents/Antigravity/funnel-ai/frontend/node_modules/vite/dist/node/chunks/dep-BK3b2jBa.js:64366:7)
      at async PluginContainer.transform (file:///Users/patchenuchiyama/Documents/Antigravity/funnel-ai/frontend/node_modules/vite/dist/node/chunks/dep-BK3b2jBa.js:49099:18)
      at async loadAndTransform (file:///Users/patchenuchiyama/Documents/Antigravity/funnel-ai/frontend/node_modules/vite/dist/node/chunks/dep-BK3b2jBa.js:51978:27)
      at async viteTransformMiddleware (file:///Users/patchenuchiyama/Documents/Antigravity/funnel-ai/frontend/node_modules/vite/dist/node/chunks/dep-BK3b2jBa.js:62106:24)
9:57:29 AM [vite] Internal server error: Failed to resolve import "./api_constants" from "src/lib/api_campaigns.js". Does the file exist?
  Plugin: vite:import-analysis
  File: /Users/patchenuchiyama/Documents/Antigravity/funnel-ai/frontend/src/lib/api_campaigns.js:1:31
  1  |  import { API_BASE_URL } from './api_constants'; // Better practice to extract this
     |                                ^
  2  |  
  3  |  const BASE = import.meta.env.VITE_API_URL || '/api';
      at TransformPluginContext._formatError (file:///Users/patchenuchiyama/Documents/Antigravity/funnel-ai/frontend/node_modules/vite/dist/node/chunks/dep-BK3b2jBa.js:49258:41)
      at TransformPluginContext.error (file:///Users/patchenuchiyama/Documents/Antigravity/funnel-ai/frontend/node_modules/vite/dist/node/chunks/dep-BK3b2jBa.js:49253:16)
      at normalizeUrl (file:///Users/patchenuchiyama/Documents/Antigravity/funnel-ai/frontend/node_modules/vite/dist/node/chunks/dep-BK3b2jBa.js:64307:23)
      at async file:///Users/patchenuchiyama/Documents/Antigravity/funnel-ai/frontend/node_modules/vite/dist/node/chunks/dep-BK3b2jBa.js:64439:39
      at async Promise.all (index 0)
      at async TransformPluginContext.transform (file:///Users/patchenuchiyama/Documents/Antigravity/funnel-ai/frontend/node_modules/vite/dist/node/chunks/dep-BK3b2jBa.js:64366:7)
      at async PluginContainer.transform (file:///Users/patchenuchiyama/Documents/Antigravity/funnel-ai/frontend/node_modules/vite/dist/node/chunks/dep-BK3b2jBa.js:49099:18)
      at async loadAndTransform (file:///Users/patchenuchiyama/Documents/Antigravity/funnel-ai/frontend/node_modules/vite/dist/node/chunks/dep-BK3b2jBa.js:51978:27)
      at async viteTransformMiddleware (file:///Users/patchenuchiyama/Documents/Antigravity/funnel-ai/frontend/node_modules/vite/dist/node/chunks/dep-BK3b2jBa.js:62106:24)
9:57:42 AM [vite] hmr update /src/index.css, /src/pages/Outreach.jsx
9:57:42 AM [vite] hmr update /src/index.css, /src/pages/Outreach.jsx
10:02:31 AM [vite] hmr update /src/components/Layout/Header.jsx, /src/index.css
10:02:31 AM [vite] ✨ new dependencies optimized: framer-motion
10:02:31 AM [vite] ✨ optimized dependencies changed. reloading
10:07:32 AM [vite] hmr update /src/App.jsx, /src/index.css
10:07:44 AM [vite] hmr update /src/components/Layout/Header.jsx, /src/index.css
10:07:46 AM [vite] hmr update /src/components/Layout/Header.jsx, /src/index.css
10:08:55 AM [vite] hmr update /src/App.jsx, /src/index.css
10:09:12 AM [vite] hmr update /src/components/Layout/Header.jsx, /src/index.css
10:13:26 AM [vite] http proxy error: /api/observability/logs
AggregateError [ECONNREFUSED]: 
    at internalConnectMultiple (node:net:1134:18)
    at afterConnectMultiple (node:net:1715:7)
10:13:26 AM [vite] http proxy error: /api/observability/stats
AggregateError [ECONNREFUSED]: 
    at internalConnectMultiple (node:net:1134:18)
    at afterConnectMultiple (node:net:1715:7)
10:13:31 AM [vite] http proxy error: /api/observability/logs
AggregateError [ECONNREFUSED]: 
    at internalConnectMultiple (node:net:1134:18)
    at afterConnectMultiple (node:net:1715:7)
10:13:31 AM [vite] http proxy error: /api/observability/stats
AggregateError [ECONNREFUSED]: 
    at internalConnectMultiple (node:net:1134:18)
    at afterConnectMultiple (node:net:1715:7)
10:13:32 AM [vite] http proxy error: /api/notifications?unread_only=false&limit=10
AggregateError [ECONNREFUSED]: 
    at internalConnectMultiple (node:net:1134:18)
    at afterConnectMultiple (node:net:1715:7)
10:13:32 AM [vite] http proxy error: /api/notifications?unread_only=false&limit=10
AggregateError [ECONNREFUSED]: 
    at internalConnectMultiple (node:net:1134:18)
    at afterConnectMultiple (node:net:1715:7)
10:13:32 AM [vite] http proxy error: /api/notifications?unread_only=false&limit=10
AggregateError [ECONNREFUSED]: 
    at internalConnectMultiple (node:net:1134:18)
    at afterConnectMultiple (node:net:1715:7)
10:13:32 AM [vite] http proxy error: /api/notifications?unread_only=false&limit=10
AggregateError [ECONNREFUSED]: 
    at internalConnectMultiple (node:net:1134:18)
    at afterConnectMultiple (node:net:1715:7)
10:13:32 AM [vite] http proxy error: /api/notifications?unread_only=false&limit=10
AggregateError [ECONNREFUSED]: 
    at internalConnectMultiple (node:net:1134:18)
    at afterConnectMultiple (node:net:1715:7)
10:13:32 AM [vite] http proxy error: /api/notifications?unread_only=false&limit=10
AggregateError [ECONNREFUSED]: 
    at internalConnectMultiple (node:net:1134:18)
    at afterConnectMultiple (node:net:1715:7)
10:13:32 AM [vite] http proxy error: /api/pipeline/deals
AggregateError [ECONNREFUSED]: 
    at internalConnectMultiple (node:net:1134:18)
    at afterConnectMultiple (node:net:1715:7)
10:13:36 AM [vite] http proxy error: /api/observability/logs
AggregateError [ECONNREFUSED]: 
    at internalConnectMultiple (node:net:1134:18)
    at afterConnectMultiple (node:net:1715:7)
10:13:36 AM [vite] http proxy error: /api/observability/stats
AggregateError [ECONNREFUSED]: 
    at internalConnectMultiple (node:net:1134:18)
    at afterConnectMultiple (node:net:1715:7)
10:13:38 AM [vite] http proxy error: /api/pipeline/deals
AggregateError [ECONNREFUSED]: 
    at internalConnectMultiple (node:net:1134:18)
    at afterConnectMultiple (node:net:1715:7)
10:13:39 AM [vite] http proxy error: /api/pipeline/deals
AggregateError [ECONNREFUSED]: 
    at internalConnectMultiple (node:net:1134:18)
    at afterConnectMultiple (node:net:1715:7)
10:13:40 AM [vite] http proxy error: /api/pipeline/deals
AggregateError [ECONNREFUSED]: 
    at internalConnectMultiple (node:net:1134:18)
    at afterConnectMultiple (node:net:1715:7)
10:13:41 AM [vite] http proxy error: /api/observability/logs
AggregateError [ECONNREFUSED]: 
    at internalConnectMultiple (node:net:1134:18)
    at afterConnectMultiple (node:net:1715:7)
10:13:41 AM [vite] http proxy error: /api/observability/stats
AggregateError [ECONNREFUSED]: 
    at internalConnectMultiple (node:net:1134:18)
    at afterConnectMultiple (node:net:1715:7)
10:13:42 AM [vite] http proxy error: /api/notifications?unread_only=false&limit=10
AggregateError [ECONNREFUSED]: 
    at internalConnectMultiple (node:net:1134:18)
    at afterConnectMultiple (node:net:1715:7)
10:13:42 AM [vite] http proxy error: /api/notifications?unread_only=false&limit=10
AggregateError [ECONNREFUSED]: 
    at internalConnectMultiple (node:net:1134:18)
    at afterConnectMultiple (node:net:1715:7)
10:13:42 AM [vite] http proxy error: /api/notifications?unread_only=false&limit=10
AggregateError [ECONNREFUSED]: 
    at internalConnectMultiple (node:net:1134:18)
    at afterConnectMultiple (node:net:1715:7)
10:13:42 AM [vite] http proxy error: /api/notifications?unread_only=false&limit=10
AggregateError [ECONNREFUSED]: 
    at internalConnectMultiple (node:net:1134:18)
    at afterConnectMultiple (node:net:1715:7)
10:13:42 AM [vite] http proxy error: /api/notifications?unread_only=false&limit=10
AggregateError [ECONNREFUSED]: 
    at internalConnectMultiple (node:net:1134:18)
    at afterConnectMultiple (node:net:1715:7)
10:13:42 AM [vite] http proxy error: /api/notifications?unread_only=false&limit=10
AggregateError [ECONNREFUSED]: 
    at internalConnectMultiple (node:net:1134:18)
    at afterConnectMultiple (node:net:1715:7)
10:13:46 AM [vite] http proxy error: /api/observability/logs
AggregateError [ECONNREFUSED]: 
    at internalConnectMultiple (node:net:1134:18)
    at afterConnectMultiple (node:net:1715:7)
10:13:46 AM [vite] http proxy error: /api/observability/stats
AggregateError [ECONNREFUSED]: 
    at internalConnectMultiple (node:net:1134:18)
    at afterConnectMultiple (node:net:1715:7)
10:13:46 AM [vite] http proxy error: /api/pipeline/deals
AggregateError [ECONNREFUSED]: 
    at internalConnectMultiple (node:net:1134:18)
    at afterConnectMultiple (node:net:1715:7)
10:13:47 AM [vite] http proxy error: /api/pipeline/deals
AggregateError [ECONNREFUSED]: 
    at internalConnectMultiple (node:net:1134:18)
    at afterConnectMultiple (node:net:1715:7)
10:13:48 AM [vite] http proxy error: /api/pipeline/deals
AggregateError [ECONNREFUSED]: 
    at internalConnectMultiple (node:net:1134:18)
    at afterConnectMultiple (node:net:1715:7)
10:13:48 AM [vite] http proxy error: /api/pipeline/deals
AggregateError [ECONNREFUSED]: 
    at internalConnectMultiple (node:net:1134:18)
    at afterConnectMultiple (node:net:1715:7)
10:13:49 AM [vite] http proxy error: /api/pipeline/deals
AggregateError [ECONNREFUSED]: 
    at internalConnectMultiple (node:net:1134:18)
    at afterConnectMultiple (node:net:1715:7)
10:13:49 AM [vite] http proxy error: /api/pipeline/deals
AggregateError [ECONNREFUSED]: 
    at internalConnectMultiple (node:net:1134:18)
    at afterConnectMultiple (node:net:1715:7)
10:13:51 AM [vite] http proxy error: /api/observability/logs
AggregateError [ECONNREFUSED]: 
    at internalConnectMultiple (node:net:1134:18)
    at afterConnectMultiple (node:net:1715:7)
10:13:51 AM [vite] http proxy error: /api/observability/stats
AggregateError [ECONNREFUSED]: 
    at internalConnectMultiple (node:net:1134:18)
    at afterConnectMultiple (node:net:1715:7)
10:13:52 AM [vite] http proxy error: /api/notifications?unread_only=false&limit=10
AggregateError [ECONNREFUSED]: 
    at internalConnectMultiple (node:net:1134:18)
    at afterConnectMultiple (node:net:1715:7)
10:13:52 AM [vite] http proxy error: /api/notifications?unread_only=false&limit=10
AggregateError [ECONNREFUSED]: 
    at internalConnectMultiple (node:net:1134:18)
    at afterConnectMultiple (node:net:1715:7)
10:13:52 AM [vite] http proxy error: /api/notifications?unread_only=false&limit=10
AggregateError [ECONNREFUSED]: 
    at internalConnectMultiple (node:net:1134:18)
    at afterConnectMultiple (node:net:1715:7)
10:13:52 AM [vite] http proxy error: /api/notifications?unread_only=false&limit=10
AggregateError [ECONNREFUSED]: 
    at internalConnectMultiple (node:net:1134:18)
    at afterConnectMultiple (node:net:1715:7)
10:13:52 AM [vite] http proxy error: /api/notifications?unread_only=false&limit=10
AggregateError [ECONNREFUSED]: 
    at internalConnectMultiple (node:net:1134:18)
    at afterConnectMultiple (node:net:1715:7)
10:13:52 AM [vite] http proxy error: /api/notifications?unread_only=false&limit=10
AggregateError [ECONNREFUSED]: 
    at internalConnectMultiple (node:net:1134:18)
    at afterConnectMultiple (node:net:1715:7)
10:13:56 AM [vite] http proxy error: /api/observability/stats
AggregateError [ECONNREFUSED]: 
    at internalConnectMultiple (node:net:1134:18)
    at afterConnectMultiple (node:net:1715:7)
10:13:56 AM [vite] http proxy error: /api/observability/logs
AggregateError [ECONNREFUSED]: 
    at internalConnectMultiple (node:net:1134:18)
    at afterConnectMultiple (node:net:1715:7)
10:13:57 AM [vite] http proxy error: /api/pipeline/deals
AggregateError [ECONNREFUSED]: 
    at internalConnectMultiple (node:net:1134:18)
    at afterConnectMultiple (node:net:1715:7)
10:14:01 AM [vite] http proxy error: /api/observability/logs
AggregateError [ECONNREFUSED]: 
    at internalConnectMultiple (node:net:1134:18)
    at afterConnectMultiple (node:net:1715:7)
10:14:01 AM [vite] http proxy error: /api/observability/stats
AggregateError [ECONNREFUSED]: 
    at internalConnectMultiple (node:net:1134:18)
    at afterConnectMultiple (node:net:1715:7)
10:14:01 AM [vite] http proxy error: /api/pipeline/deals/2/move
AggregateError [ECONNREFUSED]: 
    at internalConnectMultiple (node:net:1134:18)
    at afterConnectMultiple (node:net:1715:7)
10:14:01 AM [vite] http proxy error: /api/pipeline/stages
AggregateError [ECONNREFUSED]: 
    at internalConnectMultiple (node:net:1134:18)
    at afterConnectMultiple (node:net:1715:7)
10:14:01 AM [vite] http proxy error: /api/pipeline/deals
AggregateError [ECONNREFUSED]: 
    at internalConnectMultiple (node:net:1134:18)
    at afterConnectMultiple (node:net:1715:7)
10:14:02 AM [vite] http proxy error: /api/notifications?unread_only=false&limit=10
AggregateError [ECONNREFUSED]: 
    at internalConnectMultiple (node:net:1134:18)
    at afterConnectMultiple (node:net:1715:7)
10:14:02 AM [vite] http proxy error: /api/notifications?unread_only=false&limit=10
AggregateError [ECONNREFUSED]: 
    at internalConnectMultiple (node:net:1134:18)
    at afterConnectMultiple (node:net:1715:7)
10:14:02 AM [vite] http proxy error: /api/notifications?unread_only=false&limit=10
AggregateError [ECONNREFUSED]: 
    at internalConnectMultiple (node:net:1134:18)
    at afterConnectMultiple (node:net:1715:7)
10:14:02 AM [vite] http proxy error: /api/notifications?unread_only=false&limit=10
AggregateError [ECONNREFUSED]: 
    at internalConnectMultiple (node:net:1134:18)
    at afterConnectMultiple (node:net:1715:7)
10:14:02 AM [vite] http proxy error: /api/notifications?unread_only=false&limit=10
AggregateError [ECONNREFUSED]: 
    at internalConnectMultiple (node:net:1134:18)
    at afterConnectMultiple (node:net:1715:7)
10:14:02 AM [vite] http proxy error: /api/notifications?unread_only=false&limit=10
AggregateError [ECONNREFUSED]: 
    at internalConnectMultiple (node:net:1134:18)
    at afterConnectMultiple (node:net:1715:7)
10:14:06 AM [vite] http proxy error: /api/observability/logs
AggregateError [ECONNREFUSED]: 
    at internalConnectMultiple (node:net:1134:18)
    at afterConnectMultiple (node:net:1715:7)
10:14:06 AM [vite] http proxy error: /api/observability/stats
AggregateError [ECONNREFUSED]: 
    at internalConnectMultiple (node:net:1134:18)
    at afterConnectMultiple (node:net:1715:7)
10:14:11 AM [vite] http proxy error: /api/observability/logs
AggregateError [ECONNREFUSED]: 
    at internalConnectMultiple (node:net:1134:18)
    at afterConnectMultiple (node:net:1715:7)
10:14:11 AM [vite] http proxy error: /api/observability/stats
AggregateError [ECONNREFUSED]: 
    at internalConnectMultiple (node:net:1134:18)
    at afterConnectMultiple (node:net:1715:7)
10:14:12 AM [vite] http proxy error: /api/notifications?unread_only=false&limit=10
AggregateError [ECONNREFUSED]: 
    at internalConnectMultiple (node:net:1134:18)
    at afterConnectMultiple (node:net:1715:7)
10:14:12 AM [vite] http proxy error: /api/notifications?unread_only=false&limit=10
AggregateError [ECONNREFUSED]: 
    at internalConnectMultiple (node:net:1134:18)
    at afterConnectMultiple (node:net:1715:7)
10:14:12 AM [vite] http proxy error: /api/notifications?unread_only=false&limit=10
AggregateError [ECONNREFUSED]: 
    at internalConnectMultiple (node:net:1134:18)
    at afterConnectMultiple (node:net:1715:7)
10:14:12 AM [vite] http proxy error: /api/notifications?unread_only=false&limit=10
AggregateError [ECONNREFUSED]: 
    at internalConnectMultiple (node:net:1134:18)
    at afterConnectMultiple (node:net:1715:7)
10:14:12 AM [vite] http proxy error: /api/notifications?unread_only=false&limit=10
AggregateError [ECONNREFUSED]: 
    at internalConnectMultiple (node:net:1134:18)
    at afterConnectMultiple (node:net:1715:7)
10:14:12 AM [vite] http proxy error: /api/notifications?unread_only=false&limit=10
AggregateError [ECONNREFUSED]: 
    at internalConnectMultiple (node:net:1134:18)
    at afterConnectMultiple (node:net:1715:7)
10:14:16 AM [vite] hmr update /src/pages/Settings.jsx, /src/index.css
10:14:16 AM [vite] http proxy error: /api/observability/logs
AggregateError [ECONNREFUSED]: 
    at internalConnectMultiple (node:net:1134:18)
    at afterConnectMultiple (node:net:1715:7)
10:14:16 AM [vite] http proxy error: /api/observability/stats
AggregateError [ECONNREFUSED]: 
    at internalConnectMultiple (node:net:1134:18)
    at afterConnectMultiple (node:net:1715:7)
10:14:21 AM [vite] http proxy error: /api/observability/logs
AggregateError [ECONNREFUSED]: 
    at internalConnectMultiple (node:net:1134:18)
    at afterConnectMultiple (node:net:1715:7)
10:14:21 AM [vite] http proxy error: /api/observability/stats
AggregateError [ECONNREFUSED]: 
    at internalConnectMultiple (node:net:1134:18)
    at afterConnectMultiple (node:net:1715:7)
10:14:21 AM [vite] http proxy error: /api/notifications?unread_only=false&limit=10
AggregateError [ECONNREFUSED]: 
    at internalConnectMultiple (node:net:1134:18)
    at afterConnectMultiple (node:net:1715:7)
10:14:21 AM [vite] http proxy error: /api/users/me
AggregateError [ECONNREFUSED]: 
    at internalConnectMultiple (node:net:1134:18)
    at afterConnectMultiple (node:net:1715:7)
10:14:21 AM [vite] http proxy error: /api/brand/me
AggregateError [ECONNREFUSED]: 
    at internalConnectMultiple (node:net:1134:18)
    at afterConnectMultiple (node:net:1715:7)
10:14:21 AM [vite] http proxy error: /api/notifications?unread_only=false&limit=10
AggregateError [ECONNREFUSED]: 
    at internalConnectMultiple (node:net:1134:18)
    at afterConnectMultiple (node:net:1715:7)
10:14:21 AM [vite] http proxy error: /api/users/me
AggregateError [ECONNREFUSED]: 
    at internalConnectMultiple (node:net:1134:18)
    at afterConnectMultiple (node:net:1715:7)
10:14:21 AM [vite] http proxy error: /api/brand/me
AggregateError [ECONNREFUSED]: 
    at internalConnectMultiple (node:net:1134:18)
    at afterConnectMultiple (node:net:1715:7)
10:14:22 AM [vite] http proxy error: /api/notifications?unread_only=false&limit=10
AggregateError [ECONNREFUSED]: 
    at internalConnectMultiple (node:net:1134:18)
    at afterConnectMultiple (node:net:1715:7)
10:14:22 AM [vite] http proxy error: /api/notifications?unread_only=false&limit=10
AggregateError [ECONNREFUSED]: 
    at internalConnectMultiple (node:net:1134:18)
    at afterConnectMultiple (node:net:1715:7)
10:14:22 AM [vite] http proxy error: /api/notifications?unread_only=false&limit=10
AggregateError [ECONNREFUSED]: 
    at internalConnectMultiple (node:net:1134:18)
    at afterConnectMultiple (node:net:1715:7)
10:14:22 AM [vite] http proxy error: /api/notifications?unread_only=false&limit=10
AggregateError [ECONNREFUSED]: 
    at internalConnectMultiple (node:net:1134:18)
    at afterConnectMultiple (node:net:1715:7)
10:14:22 AM [vite] http proxy error: /api/notifications?unread_only=false&limit=10
AggregateError [ECONNREFUSED]: 
    at internalConnectMultiple (node:net:1134:18)
    at afterConnectMultiple (node:net:1715:7)
10:14:22 AM [vite] http proxy error: /api/notifications?unread_only=false&limit=10
AggregateError [ECONNREFUSED]: 
    at internalConnectMultiple (node:net:1134:18)
    at afterConnectMultiple (node:net:1715:7)
10:14:26 AM [vite] http proxy error: /api/observability/logs
AggregateError [ECONNREFUSED]: 
    at internalConnectMultiple (node:net:1134:18)
    at afterConnectMultiple (node:net:1715:7)
10:14:26 AM [vite] http proxy error: /api/observability/stats
AggregateError [ECONNREFUSED]: 
    at internalConnectMultiple (node:net:1134:18)
    at afterConnectMultiple (node:net:1715:7)
10:14:32 AM [vite] http proxy error: /api/notifications?unread_only=false&limit=10
AggregateError [ECONNREFUSED]: 
    at internalConnectMultiple (node:net:1134:18)
    at afterConnectMultiple (node:net:1715:7)
10:14:38 AM [vite] http proxy error: /api/notifications?unread_only=false&limit=10
AggregateError [ECONNREFUSED]: 
    at internalConnectMultiple (node:net:1134:18)
    at afterConnectMultiple (node:net:1715:7)
10:14:38 AM [vite] http proxy error: /api/users/me
AggregateError [ECONNREFUSED]: 
    at internalConnectMultiple (node:net:1134:18)
    at afterConnectMultiple (node:net:1715:7)
10:14:38 AM [vite] http proxy error: /api/brand/me
AggregateError [ECONNREFUSED]: 
    at internalConnectMultiple (node:net:1134:18)
    at afterConnectMultiple (node:net:1715:7)
10:14:38 AM [vite] http proxy error: /api/users/me
AggregateError [ECONNREFUSED]: 
    at internalConnectMultiple (node:net:1134:18)
    at afterConnectMultiple (node:net:1715:7)
10:14:38 AM [vite] http proxy error: /api/notifications?unread_only=false&limit=10
AggregateError [ECONNREFUSED]: 
    at internalConnectMultiple (node:net:1134:18)
    at afterConnectMultiple (node:net:1715:7)
10:14:38 AM [vite] http proxy error: /api/brand/me
AggregateError [ECONNREFUSED]: 
    at internalConnectMultiple (node:net:1134:18)
    at afterConnectMultiple (node:net:1715:7)
10:14:42 AM [vite] http proxy error: /api/notifications?unread_only=false&limit=10
AggregateError [ECONNREFUSED]: 
    at internalConnectMultiple (node:net:1134:18)
    at afterConnectMultiple (node:net:1715:7)
10:14:45 AM [vite] http proxy error: /api/notifications?unread_only=false&limit=10
AggregateError [ECONNREFUSED]: 
    at internalConnectMultiple (node:net:1134:18)
    at afterConnectMultiple (node:net:1715:7)
10:14:45 AM [vite] http proxy error: /api/notifications?unread_only=false&limit=10
AggregateError [ECONNREFUSED]: 
    at internalConnectMultiple (node:net:1134:18)
    at afterConnectMultiple (node:net:1715:7)
10:14:46 AM [vite] http proxy error: /api/notifications?unread_only=false&limit=10
AggregateError [ECONNREFUSED]: 
    at internalConnectMultiple (node:net:1134:18)
    at afterConnectMultiple (node:net:1715:7)
10:14:46 AM [vite] http proxy error: /api/notifications?unread_only=false&limit=10
AggregateError [ECONNREFUSED]: 
    at internalConnectMultiple (node:net:1134:18)
    at afterConnectMultiple (node:net:1715:7)
10:14:50 AM [vite] http proxy error: /api/users/me
AggregateError [ECONNREFUSED]: 
    at internalConnectMultiple (node:net:1134:18)
    at afterConnectMultiple (node:net:1715:7)
10:14:50 AM [vite] http proxy error: /api/brand/me
AggregateError [ECONNREFUSED]: 
    at internalConnectMultiple (node:net:1134:18)
    at afterConnectMultiple (node:net:1715:7)
10:14:50 AM [vite] http proxy error: /api/users/me
AggregateError [ECONNREFUSED]: 
    at internalConnectMultiple (node:net:1134:18)
    at afterConnectMultiple (node:net:1715:7)
10:14:50 AM [vite] http proxy error: /api/brand/me
AggregateError [ECONNREFUSED]: 
    at internalConnectMultiple (node:net:1134:18)
    at afterConnectMultiple (node:net:1715:7)
10:14:51 AM [vite] http proxy error: /api/leads
AggregateError [ECONNREFUSED]: 
    at internalConnectMultiple (node:net:1134:18)
    at afterConnectMultiple (node:net:1715:7)
10:14:51 AM [vite] http proxy error: /api/leads
AggregateError [ECONNREFUSED]: 
    at internalConnectMultiple (node:net:1134:18)
    at afterConnectMultiple (node:net:1715:7)
10:14:52 AM [vite] http proxy error: /api/notifications?unread_only=false&limit=10
AggregateError [ECONNREFUSED]: 
    at internalConnectMultiple (node:net:1134:18)
    at afterConnectMultiple (node:net:1715:7)
10:14:54 AM [vite] http proxy error: /api/campaigns
AggregateError [ECONNREFUSED]: 
    at internalConnectMultiple (node:net:1134:18)
    at afterConnectMultiple (node:net:1715:7)
10:14:54 AM [vite] http proxy error: /api/campaigns
AggregateError [ECONNREFUSED]: 
    at internalConnectMultiple (node:net:1134:18)
    at afterConnectMultiple (node:net:1715:7)
10:14:55 AM [vite] http proxy error: /api/notifications?unread_only=false&limit=10
AggregateError [ECONNREFUSED]: 
    at internalConnectMultiple (node:net:1134:18)
    at afterConnectMultiple (node:net:1715:7)
10:14:56 AM [vite] http proxy error: /api/pipeline/stages
AggregateError [ECONNREFUSED]: 
    at internalConnectMultiple (node:net:1134:18)
    at afterConnectMultiple (node:net:1715:7)
10:14:56 AM [vite] http proxy error: /api/pipeline/deals
AggregateError [ECONNREFUSED]: 
    at internalConnectMultiple (node:net:1134:18)
    at afterConnectMultiple (node:net:1715:7)
10:14:56 AM [vite] http proxy error: /api/pipeline/stages
AggregateError [ECONNREFUSED]: 
    at internalConnectMultiple (node:net:1134:18)
    at afterConnectMultiple (node:net:1715:7)
10:14:56 AM [vite] http proxy error: /api/pipeline/deals
AggregateError [ECONNREFUSED]: 
    at internalConnectMultiple (node:net:1134:18)
    at afterConnectMultiple (node:net:1715:7)
10:14:56 AM [vite] http proxy error: /api/notifications?unread_only=false&limit=10
AggregateError [ECONNREFUSED]: 
    at internalConnectMultiple (node:net:1134:18)
    at afterConnectMultiple (node:net:1715:7)
10:14:56 AM [vite] http proxy error: /api/notifications?unread_only=false&limit=10
AggregateError [ECONNREFUSED]: 
    at internalConnectMultiple (node:net:1134:18)
    at afterConnectMultiple (node:net:1715:7)
10:14:57 AM [vite] http proxy error: /api/campaigns
AggregateError [ECONNREFUSED]: 
    at internalConnectMultiple (node:net:1134:18)
    at afterConnectMultiple (node:net:1715:7)
10:14:57 AM [vite] http proxy error: /api/campaigns
AggregateError [ECONNREFUSED]: 
    at internalConnectMultiple (node:net:1134:18)
    at afterConnectMultiple (node:net:1715:7)
10:15:01 AM [vite] http proxy error: /api/users/me
AggregateError [ECONNREFUSED]: 
    at internalConnectMultiple (node:net:1134:18)
    at afterConnectMultiple (node:net:1715:7)
10:15:01 AM [vite] http proxy error: /api/brand/me
AggregateError [ECONNREFUSED]: 
    at internalConnectMultiple (node:net:1134:18)
    at afterConnectMultiple (node:net:1715:7)
10:15:01 AM [vite] http proxy error: /api/users/me
AggregateError [ECONNREFUSED]: 
    at internalConnectMultiple (node:net:1134:18)
    at afterConnectMultiple (node:net:1715:7)
10:15:01 AM [vite] http proxy error: /api/brand/me
AggregateError [ECONNREFUSED]: 
    at internalConnectMultiple (node:net:1134:18)
    at afterConnectMultiple (node:net:1715:7)
10:15:02 AM [vite] http proxy error: /api/notifications?unread_only=false&limit=10
AggregateError [ECONNREFUSED]: 
    at internalConnectMultiple (node:net:1134:18)
    at afterConnectMultiple (node:net:1715:7)
10:15:05 AM [vite] http proxy error: /api/notifications?unread_only=false&limit=10
AggregateError [ECONNREFUSED]: 
    at internalConnectMultiple (node:net:1134:18)
    at afterConnectMultiple (node:net:1715:7)
10:15:07 AM [vite] http proxy error: /api/campaigns
AggregateError [ECONNREFUSED]: 
    at internalConnectMultiple (node:net:1134:18)
    at afterConnectMultiple (node:net:1715:7)
10:15:10 AM [vite] http proxy error: /api/notifications?unread_only=false&limit=10
AggregateError [ECONNREFUSED]: 
    at internalConnectMultiple (node:net:1134:18)
    at afterConnectMultiple (node:net:1715:7)
10:15:10 AM [vite] http proxy error: /api/users/me
AggregateError [ECONNREFUSED]: 
    at internalConnectMultiple (node:net:1134:18)
    at afterConnectMultiple (node:net:1715:7)
10:15:10 AM [vite] http proxy error: /api/brand/me
AggregateError [ECONNREFUSED]: 
    at internalConnectMultiple (node:net:1134:18)
    at afterConnectMultiple (node:net:1715:7)
10:15:10 AM [vite] http proxy error: /api/notifications?unread_only=false&limit=10
AggregateError [ECONNREFUSED]: 
    at internalConnectMultiple (node:net:1134:18)
    at afterConnectMultiple (node:net:1715:7)
10:15:10 AM [vite] http proxy error: /api/users/me
AggregateError [ECONNREFUSED]: 
    at internalConnectMultiple (node:net:1134:18)
    at afterConnectMultiple (node:net:1715:7)
10:15:10 AM [vite] http proxy error: /api/brand/me
AggregateError [ECONNREFUSED]: 
    at internalConnectMultiple (node:net:1134:18)
    at afterConnectMultiple (node:net:1715:7)
10:15:12 AM [vite] http proxy error: /api/notifications?unread_only=false&limit=10
AggregateError [ECONNREFUSED]: 
    at internalConnectMultiple (node:net:1134:18)
    at afterConnectMultiple (node:net:1715:7)
10:15:22 AM [vite] http proxy error: /api/notifications?unread_only=false&limit=10
AggregateError [ECONNREFUSED]: 
    at internalConnectMultiple (node:net:1134:18)
    at afterConnectMultiple (node:net:1715:7)
10:15:23 AM [vite] http proxy error: /api/notifications?unread_only=false&limit=10
AggregateError [ECONNREFUSED]: 
    at internalConnectMultiple (node:net:1134:18)
    at afterConnectMultiple (node:net:1715:7)
10:15:23 AM [vite] http proxy error: /api/notifications?unread_only=false&limit=10
AggregateError [ECONNREFUSED]: 
    at internalConnectMultiple (node:net:1134:18)
    at afterConnectMultiple (node:net:1715:7)
10:15:32 AM [vite] http proxy error: /api/notifications?unread_only=false&limit=10
AggregateError [ECONNREFUSED]: 
    at internalConnectMultiple (node:net:1134:18)
    at afterConnectMultiple (node:net:1715:7)
10:15:32 AM [vite] http proxy error: /api/users/me
AggregateError [ECONNREFUSED]: 
    at internalConnectMultiple (node:net:1134:18)
    at afterConnectMultiple (node:net:1715:7)
10:15:32 AM [vite] http proxy error: /api/brand/me
AggregateError [ECONNREFUSED]: 
    at internalConnectMultiple (node:net:1134:18)
    at afterConnectMultiple (node:net:1715:7)
10:15:32 AM [vite] http proxy error: /api/users/me
AggregateError [ECONNREFUSED]: 
    at internalConnectMultiple (node:net:1134:18)
    at afterConnectMultiple (node:net:1715:7)
10:15:32 AM [vite] http proxy error: /api/brand/me
AggregateError [ECONNREFUSED]: 
    at internalConnectMultiple (node:net:1134:18)
    at afterConnectMultiple (node:net:1715:7)
10:15:42 AM [vite] http proxy error: /api/notifications?unread_only=false&limit=10
AggregateError [ECONNREFUSED]: 
    at internalConnectMultiple (node:net:1134:18)
    at afterConnectMultiple (node:net:1715:7)
10:15:44 AM [vite] http proxy error: /api/notifications?unread_only=false&limit=10
AggregateError [ECONNREFUSED]: 
    at internalConnectMultiple (node:net:1134:18)
    at afterConnectMultiple (node:net:1715:7)
10:15:44 AM [vite] http proxy error: /api/notifications?unread_only=false&limit=10
AggregateError [ECONNREFUSED]: 
    at internalConnectMultiple (node:net:1134:18)
    at afterConnectMultiple (node:net:1715:7)
10:15:52 AM [vite] http proxy error: /api/users/me
AggregateError [ECONNREFUSED]: 
    at internalConnectMultiple (node:net:1134:18)
    at afterConnectMultiple (node:net:1715:7)
10:15:52 AM [vite] http proxy error: /api/notifications?unread_only=false&limit=10
AggregateError [ECONNREFUSED]: 
    at internalConnectMultiple (node:net:1134:18)
    at afterConnectMultiple (node:net:1715:7)
10:15:54 AM [vite] http proxy error: /api/notifications?unread_only=false&limit=10
AggregateError [ECONNREFUSED]: 
    at internalConnectMultiple (node:net:1134:18)
    at afterConnectMultiple (node:net:1715:7)
10:16:02 AM [vite] http proxy error: /api/notifications?unread_only=false&limit=10
AggregateError [ECONNREFUSED]: 
    at internalConnectMultiple (node:net:1134:18)
    at afterConnectMultiple (node:net:1715:7)
10:16:03 AM [vite] http proxy error: /api/users/me
AggregateError [ECONNREFUSED]: 
    at internalConnectMultiple (node:net:1134:18)
    at afterConnectMultiple (node:net:1715:7)
10:16:03 AM [vite] http proxy error: /api/brand/me
AggregateError [ECONNREFUSED]: 
    at internalConnectMultiple (node:net:1134:18)
    at afterConnectMultiple (node:net:1715:7)
10:16:03 AM [vite] http proxy error: /api/users/me
AggregateError [ECONNREFUSED]: 
    at internalConnectMultiple (node:net:1134:18)
    at afterConnectMultiple (node:net:1715:7)
10:16:03 AM [vite] http proxy error: /api/brand/me
AggregateError [ECONNREFUSED]: 
    at internalConnectMultiple (node:net:1134:18)
    at afterConnectMultiple (node:net:1715:7)
10:16:03 AM [vite] http proxy error: /api/users/me
AggregateError [ECONNREFUSED]: 
    at internalConnectMultiple (node:net:1134:18)
    at afterConnectMultiple (node:net:1715:7)
10:16:03 AM [vite] http proxy error: /api/brand/me
AggregateError [ECONNREFUSED]: 
    at internalConnectMultiple (node:net:1134:18)
    at afterConnectMultiple (node:net:1715:7)
10:16:03 AM [vite] http proxy error: /api/users/me
AggregateError [ECONNREFUSED]: 
    at internalConnectMultiple (node:net:1134:18)
    at afterConnectMultiple (node:net:1715:7)
10:16:03 AM [vite] http proxy error: /api/brand/me
AggregateError [ECONNREFUSED]: 
    at internalConnectMultiple (node:net:1134:18)
    at afterConnectMultiple (node:net:1715:7)
10:16:08 AM [vite] http proxy error: /api/brand/me
AggregateError [ECONNREFUSED]: 
    at internalConnectMultiple (node:net:1134:18)
    at afterConnectMultiple (node:net:1715:7)
10:16:08 AM [vite] http proxy error: /api/notifications?unread_only=false&limit=10
AggregateError [ECONNREFUSED]: 
    at internalConnectMultiple (node:net:1134:18)
    at afterConnectMultiple (node:net:1715:7)
10:16:08 AM [vite] http proxy error: /api/users/me
AggregateError [ECONNREFUSED]: 
    at internalConnectMultiple (node:net:1134:18)
    at afterConnectMultiple (node:net:1715:7)
10:16:08 AM [vite] http proxy error: /api/brand/me
AggregateError [ECONNREFUSED]: 
    at internalConnectMultiple (node:net:1134:18)
    at afterConnectMultiple (node:net:1715:7)
10:16:08 AM [vite] http proxy error: /api/users/me
AggregateError [ECONNREFUSED]: 
    at internalConnectMultiple (node:net:1134:18)
    at afterConnectMultiple (node:net:1715:7)
10:16:08 AM [vite] http proxy error: /api/notifications?unread_only=false&limit=10
AggregateError [ECONNREFUSED]: 
    at internalConnectMultiple (node:net:1134:18)
    at afterConnectMultiple (node:net:1715:7)
10:16:08 AM [vite] http proxy error: /api/brand/me
AggregateError [ECONNREFUSED]: 
    at internalConnectMultiple (node:net:1134:18)
    at afterConnectMultiple (node:net:1715:7)
10:16:34 AM [vite] http proxy error: /api/notifications?unread_only=false&limit=10
AggregateError [ECONNREFUSED]: 
    at internalConnectMultiple (node:net:1134:18)
    at afterConnectMultiple (node:net:1715:7)
10:16:34 AM [vite] http proxy error: /api/users/me
AggregateError [ECONNREFUSED]: 
    at internalConnectMultiple (node:net:1134:18)
    at afterConnectMultiple (node:net:1715:7)
10:16:34 AM [vite] http proxy error: /api/brand/me
AggregateError [ECONNREFUSED]: 
    at internalConnectMultiple (node:net:1134:18)
    at afterConnectMultiple (node:net:1715:7)
10:16:34 AM [vite] http proxy error: /api/notifications?unread_only=false&limit=10
AggregateError [ECONNREFUSED]: 
    at internalConnectMultiple (node:net:1134:18)
    at afterConnectMultiple (node:net:1715:7)
10:16:34 AM [vite] http proxy error: /api/users/me
AggregateError [ECONNREFUSED]: 
    at internalConnectMultiple (node:net:1134:18)
    at afterConnectMultiple (node:net:1715:7)
10:16:34 AM [vite] http proxy error: /api/brand/me
AggregateError [ECONNREFUSED]: 
    at internalConnectMultiple (node:net:1134:18)
    at afterConnectMultiple (node:net:1715:7)
10:16:40 AM [vite] http proxy error: /api/notifications?unread_only=false&limit=10
AggregateError [ECONNREFUSED]: 
    at internalConnectMultiple (node:net:1134:18)
    at afterConnectMultiple (node:net:1715:7)
10:16:40 AM [vite] http proxy error: /api/notifications?unread_only=false&limit=10
AggregateError [ECONNREFUSED]: 
    at internalConnectMultiple (node:net:1134:18)
    at afterConnectMultiple (node:net:1715:7)
10:16:47 AM [vite] http proxy error: /api/pipeline/stages
AggregateError [ECONNREFUSED]: 
    at internalConnectMultiple (node:net:1134:18)
    at afterConnectMultiple (node:net:1715:7)
10:16:47 AM [vite] http proxy error: /api/pipeline/deals
AggregateError [ECONNREFUSED]: 
    at internalConnectMultiple (node:net:1134:18)
    at afterConnectMultiple (node:net:1715:7)
10:16:47 AM [vite] http proxy error: /api/pipeline/stages
AggregateError [ECONNREFUSED]: 
    at internalConnectMultiple (node:net:1134:18)
    at afterConnectMultiple (node:net:1715:7)
10:16:47 AM [vite] http proxy error: /api/pipeline/deals
AggregateError [ECONNREFUSED]: 
    at internalConnectMultiple (node:net:1134:18)
    at afterConnectMultiple (node:net:1715:7)
10:16:50 AM [vite] http proxy error: /api/notifications?unread_only=false&limit=10
AggregateError [ECONNREFUSED]: 
    at internalConnectMultiple (node:net:1134:18)
    at afterConnectMultiple (node:net:1715:7)
10:17:00 AM [vite] http proxy error: /api/notifications?unread_only=false&limit=10
AggregateError [ECONNREFUSED]: 
    at internalConnectMultiple (node:net:1134:18)
    at afterConnectMultiple (node:net:1715:7)
10:17:01 AM [vite] http proxy error: /api/users/me
AggregateError [ECONNREFUSED]: 
    at internalConnectMultiple (node:net:1134:18)
    at afterConnectMultiple (node:net:1715:7)
10:17:01 AM [vite] http proxy error: /api/notifications?unread_only=false&limit=10
AggregateError [ECONNREFUSED]: 
    at internalConnectMultiple (node:net:1134:18)
    at afterConnectMultiple (node:net:1715:7)
10:17:01 AM [vite] http proxy error: /api/brand/me
AggregateError [ECONNREFUSED]: 
    at internalConnectMultiple (node:net:1134:18)
    at afterConnectMultiple (node:net:1715:7)
10:17:01 AM [vite] http proxy error: /api/notifications?unread_only=false&limit=10
AggregateError [ECONNREFUSED]: 
    at internalConnectMultiple (node:net:1134:18)
    at afterConnectMultiple (node:net:1715:7)
10:17:01 AM [vite] http proxy error: /api/users/me
AggregateError [ECONNREFUSED]: 
    at internalConnectMultiple (node:net:1134:18)
    at afterConnectMultiple (node:net:1715:7)
10:17:01 AM [vite] http proxy error: /api/brand/me
AggregateError [ECONNREFUSED]: 
    at internalConnectMultiple (node:net:1134:18)
    at afterConnectMultiple (node:net:1715:7)
10:17:13 AM [vite] http proxy error: /api/notifications?unread_only=false&limit=10
AggregateError [ECONNREFUSED]: 
    at internalConnectMultiple (node:net:1134:18)
    at afterConnectMultiple (node:net:1715:7)
10:17:13 AM [vite] http proxy error: /api/notifications?unread_only=false&limit=10
AggregateError [ECONNREFUSED]: 
    at internalConnectMultiple (node:net:1134:18)
    at afterConnectMultiple (node:net:1715:7)
10:17:23 AM [vite] http proxy error: /api/notifications?unread_only=false&limit=10
AggregateError [ECONNREFUSED]: 
    at internalConnectMultiple (node:net:1134:18)
    at afterConnectMultiple (node:net:1715:7)
10:17:33 AM [vite] http proxy error: /api/notifications?unread_only=false&limit=10
AggregateError [ECONNREFUSED]: 
    at internalConnectMultiple (node:net:1134:18)
    at afterConnectMultiple (node:net:1715:7)
10:23:16 AM [vite] hmr update /src/pages/Settings.jsx, /src/index.css
10:25:18 AM [vite] hmr update /src/pages/Settings.jsx, /src/index.css
10:26:56 AM [vite] hmr update /src/index.css, /src/pages/Outreach.jsx
10:26:56 AM [vite] hmr update /src/index.css, /src/components/Layout/Header.jsx
10:26:56 AM [vite] hmr update /src/pages/Observability.jsx, /src/index.css
10:26:56 AM [vite] hmr update /src/pages/Settings.jsx, /src/index.css
10:26:56 AM [vite] hmr update /src/index.css, /src/pages/Settings.jsx
10:27:06 AM [vite] hmr update /src/pages/Settings.jsx, /src/index.css
10:33:12 AM [vite] hmr update /src/pages/Settings.jsx, /src/index.css
10:33:14 AM [vite] hmr update /src/pages/Settings.jsx, /src/index.css
10:37:36 AM [vite] http proxy error: /api/notifications?unread_only=false&limit=10
AggregateError [ECONNREFUSED]: 
    at internalConnectMultiple (node:net:1134:18)
    at afterConnectMultiple (node:net:1715:7)
10:37:36 AM [vite] http proxy error: /api/notifications?unread_only=false&limit=10
AggregateError [ECONNREFUSED]: 
    at internalConnectMultiple (node:net:1134:18)
    at afterConnectMultiple (node:net:1715:7)
10:37:36 AM [vite] http proxy error: /api/notifications?unread_only=false&limit=10
AggregateError [ECONNREFUSED]: 
    at internalConnectMultiple (node:net:1134:18)
    at afterConnectMultiple (node:net:1715:7)
10:37:36 AM [vite] http proxy error: /api/notifications?unread_only=false&limit=10
AggregateError [ECONNREFUSED]: 
    at internalConnectMultiple (node:net:1134:18)
    at afterConnectMultiple (node:net:1715:7)
10:39:19 AM [vite] http proxy error: /api/notifications?unread_only=false&limit=10
AggregateError [ECONNREFUSED]: 
    at internalConnectMultiple (node:net:1134:18)
    at afterConnectMultiple (node:net:1715:7)
10:39:26 AM [vite] http proxy error: /api/notifications?unread_only=false&limit=10
AggregateError [ECONNREFUSED]: 
    at internalConnectMultiple (node:net:1134:18)
    at afterConnectMultiple (node:net:1715:7)
10:39:26 AM [vite] http proxy error: /api/notifications?unread_only=false&limit=10
AggregateError [ECONNREFUSED]: 
    at internalConnectMultiple (node:net:1134:18)
    at afterConnectMultiple (node:net:1715:7)
10:39:26 AM [vite] http proxy error: /api/notifications?unread_only=false&limit=10
AggregateError [ECONNREFUSED]: 
    at internalConnectMultiple (node:net:1134:18)
    at afterConnectMultiple (node:net:1715:7)
10:39:26 AM [vite] http proxy error: /api/notifications?unread_only=false&limit=10
AggregateError [ECONNREFUSED]: 
    at internalConnectMultiple (node:net:1134:18)
    at afterConnectMultiple (node:net:1715:7)
10:48:57 AM [vite] hmr update /src/pages/Leads.jsx, /src/index.css
10:49:21 AM [vite] hmr update /src/components/Layout/Sidebar.jsx, /src/index.css
10:49:29 AM [vite] hmr update /src/pages/Leads.jsx, /src/index.css
10:49:36 AM [vite] hmr update /src/pages/Leads.jsx, /src/index.css
10:49:38 AM [vite] hmr update /src/App.jsx, /src/index.css
10:49:38 AM [vite] hmr update /src/App.jsx, /src/index.css
10:56:02 AM [vite] hmr update /src/pages/Integrations.jsx, /src/index.css
10:56:22 AM [vite] hmr update /src/pages/Integrations.jsx, /src/index.css
11:04:34 AM [vite] hmr update /src/pages/Settings.jsx, /src/index.css
11:18:21 AM [vite] hmr update /src/index.css, /src/pages/Leads.jsx, /src/pages/Proposals.jsx, /src/pages/Settings.jsx
11:26:30 AM [vite] hmr update /src/pages/Settings.jsx, /src/index.css
11:39:37 AM [vite] hmr update /src/pages/Leads.jsx, /src/index.css
11:47:38 AM [vite] hmr update /src/pages/Leads.jsx, /src/index.css
11:49:26 AM [vite] hmr update /src/pages/Leads.jsx, /src/index.css
11:49:41 AM [vite] page reload src/pages/Leads_import_snippet.jsx
11:50:29 AM [vite] hmr update /src/pages/Leads.jsx, /src/index.css
11:52:13 AM [vite] hmr update /src/pages/Leads.jsx, /src/index.css
11:52:29 AM [vite] hmr update /src/pages/Leads.jsx, /src/index.css
11:57:29 AM [vite] hmr update /src/pages/Leads.jsx, /src/index.css
11:57:48 AM [vite] hmr update /src/pages/Leads.jsx, /src/index.css
9:35:53 AM [vite] hmr update /src/pages/Leads.jsx, /src/index.css
9:36:00 AM [vite] hmr update /src/pages/Leads.jsx, /src/index.css
9:38:10 AM [vite] hmr update /src/pages/Leads.jsx, /src/index.css
